Using pre-set license
Built from '2020.3/staging' branch; Version is '2020.3.26f1 (7298b473bc1a) revision 7510196'; Using compiler version '192528614'; Build Type 'Release'
OS: 'Windows 11  (10.0.22000) 64bit ProfessionalWorkstation' Language: 'es' Physical Memory: 16252 MB
BatchMode: 1, IsHumanControllingUs: 0, StartBugReporterOnCrash: 0, Is64bit: 1, IsPro: 0

COMMAND LINE ARGUMENTS:
C:\Program Files\Unity\Hub\Editor\2020.3.26f1\Editor\Unity.exe
-adb2
-batchMode
-noUpm
-name
AssetImportWorker0
-projectPath
C:/Users/Eduard Corra単/Documents/Github/GlobalGameJam2022/GlobalGamejam2022
-logFile
Logs/AssetImportWorker0.log
-srvPort
56227
Successfully changed project path to: C:/Users/Eduard Corra単/Documents/Github/GlobalGameJam2022/GlobalGamejam2022
C:/Users/Eduard Corra単/Documents/Github/GlobalGameJam2022/GlobalGamejam2022
Using Asset Import Pipeline V2.
Refreshing native plugins compatible for Editor in 140.84 ms, found 2 plugins.
Preloading 0 native plugins for Editor in 0.00 ms.
Initialize engine version: 2020.3.26f1 (7298b473bc1a)
[Subsystems] Discovering subsystems at path C:/Program Files/Unity/Hub/Editor/2020.3.26f1/Editor/Data/Resources/UnitySubsystems
[Subsystems] Discovering subsystems at path C:/Users/Eduard Corra単/Documents/Github/GlobalGameJam2022/GlobalGamejam2022/Assets
GfxDevice: creating device client; threaded=0
Direct3D:
    Version:  Direct3D 11.0 [level 11.1]
    Renderer: NVIDIA GeForce RTX 2080 Super with Max-Q Design (ID=0x1e93)
    Vendor:   
    VRAM:     8010 MB
    Driver:   30.0.15.1123
Initialize mono
Mono path[0] = 'C:/Program Files/Unity/Hub/Editor/2020.3.26f1/Editor/Data/Managed'
Mono path[1] = 'C:/Program Files/Unity/Hub/Editor/2020.3.26f1/Editor/Data/MonoBleedingEdge/lib/mono/unityjit'
Mono config path = 'C:/Program Files/Unity/Hub/Editor/2020.3.26f1/Editor/Data/MonoBleedingEdge/etc'
Using monoOptions --debugger-agent=transport=dt_socket,embedding=1,server=y,suspend=n,address=127.0.0.1:56444
Begin MonoManager ReloadAssembly
Registering precompiled unity dll's ...
Register platform support module: C:/Program Files/Unity/Hub/Editor/2020.3.26f1/Editor/Data/PlaybackEngines/WindowsStandaloneSupport/UnityEditor.WindowsStandalone.Extensions.dll
Registered in 0.001288 seconds.
Native extension for WindowsStandalone target not found
Refreshing native plugins compatible for Editor in 88.81 ms, found 2 plugins.
Preloading 0 native plugins for Editor in 0.00 ms.
Mono: successfully reloaded assembly
- Completed reload, in  0.633 seconds
Domain Reload Profiling:
	ReloadAssembly (633ms)
		BeginReloadAssembly (50ms)
			ExecutionOrderSort (0ms)
			DisableScriptedObjects (0ms)
			BackupInstance (0ms)
			ReleaseScriptingObjects (0ms)
			CreateAndSetChildDomain (1ms)
		EndReloadAssembly (494ms)
			LoadAssemblies (48ms)
			RebuildTransferFunctionScriptingTraits (0ms)
			SetupTypeCache (153ms)
			ReleaseScriptCaches (0ms)
			RebuildScriptCaches (29ms)
			SetupLoadedEditorAssemblies (214ms)
				LogAssemblyErrors (0ms)
				InitializePlatformSupportModulesInManaged (5ms)
				SetLoadedEditorAssemblies (0ms)
				RefreshPlugins (89ms)
				BeforeProcessingInitializeOnLoad (15ms)
				ProcessInitializeOnLoadAttributes (79ms)
				ProcessInitializeOnLoadMethodAttributes (26ms)
				AfterProcessingInitializeOnLoad (0ms)
				EditorAssembliesLoaded (0ms)
			ExecutionOrderSort2 (0ms)
			AwakeInstancesAfterBackupRestoration (0ms)
Platform modules already initialized, skipping
Registering precompiled user dll's ...
Registered in 0.004573 seconds.
Begin MonoManager ReloadAssembly
Native extension for WindowsStandalone target not found
Refreshing native plugins compatible for Editor in 77.53 ms, found 2 plugins.
Preloading 0 native plugins for Editor in 0.00 ms.
Mono: successfully reloaded assembly
- Completed reload, in  1.708 seconds
Domain Reload Profiling:
	ReloadAssembly (1709ms)
		BeginReloadAssembly (111ms)
			ExecutionOrderSort (0ms)
			DisableScriptedObjects (4ms)
			BackupInstance (0ms)
			ReleaseScriptingObjects (0ms)
			CreateAndSetChildDomain (14ms)
		EndReloadAssembly (1547ms)
			LoadAssemblies (71ms)
			RebuildTransferFunctionScriptingTraits (0ms)
			SetupTypeCache (336ms)
			ReleaseScriptCaches (1ms)
			RebuildScriptCaches (79ms)
			SetupLoadedEditorAssemblies (943ms)
				LogAssemblyErrors (0ms)
				InitializePlatformSupportModulesInManaged (3ms)
				SetLoadedEditorAssemblies (0ms)
				RefreshPlugins (78ms)
				BeforeProcessingInitializeOnLoad (89ms)
				ProcessInitializeOnLoadAttributes (262ms)
				ProcessInitializeOnLoadMethodAttributes (507ms)
				AfterProcessingInitializeOnLoad (4ms)
				EditorAssembliesLoaded (0ms)
			ExecutionOrderSort2 (0ms)
			AwakeInstancesAfterBackupRestoration (6ms)
Platform modules already initialized, skipping
========================================================================
Worker process is ready to serve import requests
Launched and connected shader compiler UnityShaderCompiler.exe after 0.05 seconds
Refreshing native plugins compatible for Editor in 1.83 ms, found 2 plugins.
Preloading 0 native plugins for Editor in 0.00 ms.
Unloading 4234 Unused Serialized files (Serialized files now loaded: 0)
System memory in use before: 198.0 MB.
System memory in use after: 198.2 MB.

Unloading 24 unused Assets to reduce memory usage. Loaded Objects now: 4683.
Total: 9.126000 ms (FindLiveObjects: 1.200800 ms CreateObjectMapping: 0.687100 ms MarkObjects: 7.114800 ms  DeleteObjects: 0.120400 ms)

AssetImportParameters requested are different than current active one (requested -> active):
  custom:framework-win-MediaFoundation: 216162199b28c13a410421893ffa2e32 -> 
  custom:video-decoder-ogg-theora: a1e56fd34408186e4bbccfd4996cb3dc -> 
  custom:container-muxer-webm: aa71ff27fc2769a1b78a27578f13a17b -> 
  custom:container-demuxer-webm: 4f35f7cbe854078d1ac9338744f61a02 -> 
  custom:container-demuxer-ogg: 62fdf1f143b41e24485cea50d1cbac27 -> 
  custom:video-encoder-webm-vp8: eb34c28f22e8b96e1ab97ce403110664 -> 
  custom:video-decoder-webm-vp8: 9c59270c3fd7afecdb556c50c9e8de78 -> 
  custom:audio-decoder-ogg-vorbis: bf7c407c2cedff20999df2af8eb42d56 -> 
  custom:audio-encoder-webm-vorbis: bf7c407c2cedff20999df2af8eb42d56 -> 
========================================================================
Received Import Request.
  path: Assets/Scenes/Menu.unity
  artifactKey: Guid(10acf6d26f96cb249a1b45528d92c786) Importer(815301076,1909f56bfc062723c751e8b465ee728b)
Start importing Assets/Scenes/Menu.unity using Guid(10acf6d26f96cb249a1b45528d92c786) Importer(815301076,1909f56bfc062723c751e8b465ee728b)  -> (artifact id: '5c5d4cfe92613b726d44a6a91efc868e') in 0.027554 seconds 
  Import took 0.040746 seconds .

========================================================================
Received Import Request.
  Time since last request: 3.208201 seconds.
  path: Assets/Scenes
  artifactKey: Guid(63715e63b6e147240a866d461dc6640d) Importer(815301076,1909f56bfc062723c751e8b465ee728b)
Start importing Assets/Scenes using Guid(63715e63b6e147240a866d461dc6640d) Importer(815301076,1909f56bfc062723c751e8b465ee728b)  -> (artifact id: '2feb920dc68aa0246858333d97dcbeb2') in 0.011135 seconds 
  Import took 0.017825 seconds .

========================================================================
Received Import Request.
  Time since last request: 2.187986 seconds.
  path: Assets/Prefabs
  artifactKey: Guid(0983aae4930dc8442ac962324e01a8d7) Importer(815301076,1909f56bfc062723c751e8b465ee728b)
Start importing Assets/Prefabs using Guid(0983aae4930dc8442ac962324e01a8d7) Importer(815301076,1909f56bfc062723c751e8b465ee728b)  -> (artifact id: '96e29b3bfa05bd5b810e8dbef19bd388') in 0.001375 seconds 
  Import took 0.015892 seconds .

========================================================================
Received Import Request.
  Time since last request: 1591.539027 seconds.
  path: Assets/Prefabs/Canvas.prefab
  artifactKey: Guid(887b94c9f2f94c54684e3106b4fb052a) Importer(815301076,1909f56bfc062723c751e8b465ee728b)
Start importing Assets/Prefabs/Canvas.prefab using Guid(887b94c9f2f94c54684e3106b4fb052a) Importer(815301076,1909f56bfc062723c751e8b465ee728b)  -> (artifact id: 'd9ac42c29dc555cd114bfe41fa94abb7') in 0.093405 seconds 
  Import took 0.100570 seconds .

========================================================================
Received Import Request.
  Time since last request: 87.629710 seconds.
  path: Assets/Prefabs/Canvas.prefab
  artifactKey: Guid(887b94c9f2f94c54684e3106b4fb052a) Importer(815301076,1909f56bfc062723c751e8b465ee728b)
Start importing Assets/Prefabs/Canvas.prefab using Guid(887b94c9f2f94c54684e3106b4fb052a) Importer(815301076,1909f56bfc062723c751e8b465ee728b)  -> (artifact id: 'ae2bdf014a3d3ff5ea26daf24a0d6101') in 0.028109 seconds 
  Import took 0.033907 seconds .

========================================================================
Received Import Request.
  Time since last request: 75.648200 seconds.
  path: Assets/Scripts
  artifactKey: Guid(5690647d47a645c4aa5efe95c9309905) Importer(815301076,1909f56bfc062723c751e8b465ee728b)
Start importing Assets/Scripts using Guid(5690647d47a645c4aa5efe95c9309905) Importer(815301076,1909f56bfc062723c751e8b465ee728b)  -> (artifact id: '86076d8026fa4c7a269a7b9e5810c88a') in 0.001845 seconds 
  Import took 0.007194 seconds .

